<?xml version="1.0" encoding="utf-8"?><testsuites name="pytest tests"><testsuite name="pytest" errors="0" failures="1" skipped="0" tests="22" time="3.121" timestamp="2026-07-18T13:33:35.628646+00:00" hostname="agent-env-f0f199e3-f915-409d-b9e5-c57d5cbf2f6d"><testcase classname="tests.backend_test.TestCheckIns" name="test_admin_checkins_requires_auth" time="0.204" /><testcase classname="tests.backend_test.TestJobs" name="test_list_jobs_public" time="0.267" /><testcase classname="tests.backend_test.TestJobs" name="test_migration_added_contact_fields" time="0.044"><failure message="AssertionError: job 6a57e6d07976af16733fa8ed missing phone field&#10;assert 'phone' in {'email', 'full_name', 'id_badge', 'site_number'}">backend/tests/backend_test.py:121: in test_migration_added_contact_fields
    assert "phone" in keys, f"job {j['id']} missing phone field"
E   AssertionError: job 6a57e6d07976af16733fa8ed missing phone field
E   assert 'phone' in {'email', 'full_name', 'id_badge', 'site_number'}</failure></testcase><testcase classname="tests.backend_test.TestJobs" name="test_create_job_with_form_heading_and_typed_fields" time="0.670" /><testcase classname="tests.backend_test.TestJobs" name="test_update_job_removes_phone" time="0.179" /><testcase classname="tests.backend_test.TestCheckIns" name="test_create_checkin_public_with_responses" time="0.911" /><testcase classname="tests.backend_test.TestCheckIns" name="test_create_checkin_old_contract_rejected" time="0.096" /><testcase classname="tests.backend_test.TestJobs" name="test_job_defaults_include_consent_fields" time="0.088" /><testcase classname="tests.backend_test.TestCheckIns" name="test_public_job_checkins_returns_responses" time="0.096" /><testcase classname="tests.backend_test.TestJobs" name="test_job_update_consent_fields_persist" time="0.309" /><testcase classname="tests.backend_test.TestCheckIns" name="test_admin_list_checkins_with_auth" time="0.052" /><testcase classname="tests.backend_test.TestCheckIns" name="test_create_checkin_invalid_job" time="0.055" /><testcase classname="tests.backend_test.TestCheckIns" name="test_create_checkin_nonexistent_job" time="0.052" /><testcase classname="tests.backend_test.TestCheckIns" name="test_delete_job_cascades_checkins" time="0.452" /><testcase classname="tests.backend_test.TestJobs" name="test_public_jobs_return_consent_fields" time="0.045" /><testcase classname="tests.backend_test.TestAuth" name="test_login_success" time="0.317" /><testcase classname="tests.backend_test.TestSettings" name="test_get_settings_public" time="0.093" /><testcase classname="tests.backend_test.TestAuth" name="test_login_invalid_password" time="0.271" /><testcase classname="tests.backend_test.TestSettings" name="test_update_primary_color_persists" time="0.371" /><testcase classname="tests.backend_test.TestAuth" name="test_me_without_token" time="0.041" /><testcase classname="tests.backend_test.TestAuth" name="test_me_with_token" time="0.084" /><testcase classname="tests.backend_test.TestHealth" name="test_root_api" time="0.051" /></testsuite></testsuites>