<?xml version="1.0" encoding="utf-8"?><testsuites name="pytest tests"><testsuite name="pytest" errors="0" failures="0" skipped="0" tests="18" time="3.043" timestamp="2026-07-16T00:08:25.008446+00:00" hostname="agent-env-f0f199e3-f915-409d-b9e5-c57d5cbf2f6d"><testcase classname="tests.backend_test.TestAuth" name="test_login_success" time="1.002" /><testcase classname="tests.backend_test.TestCheckIns" name="test_admin_checkins_requires_auth" time="0.215" /><testcase classname="tests.backend_test.TestAuth" name="test_login_invalid_password" time="0.446" /><testcase classname="tests.backend_test.TestAuth" name="test_me_without_token" time="0.090" /><testcase classname="tests.backend_test.TestCheckIns" name="test_create_checkin_public_with_responses" time="1.282" /><testcase classname="tests.backend_test.TestCheckIns" name="test_create_checkin_old_contract_rejected" time="0.093" /><testcase classname="tests.backend_test.TestCheckIns" name="test_public_job_checkins_returns_responses" time="0.053" /><testcase classname="tests.backend_test.TestCheckIns" name="test_admin_list_checkins_with_auth" time="0.277" /><testcase classname="tests.backend_test.TestAuth" name="test_me_with_token" time="0.433" /><testcase classname="tests.backend_test.TestCheckIns" name="test_create_checkin_invalid_job" time="0.050" /><testcase classname="tests.backend_test.TestJobs" name="test_list_jobs_public" time="0.051" /><testcase classname="tests.backend_test.TestCheckIns" name="test_create_checkin_nonexistent_job" time="0.099" /><testcase classname="tests.backend_test.TestJobs" name="test_migration_added_contact_fields" time="0.048" /><testcase classname="tests.backend_test.TestJobs" name="test_create_job_with_form_heading_and_typed_fields" time="0.146" /><testcase classname="tests.backend_test.TestCheckIns" name="test_delete_job_cascades_checkins" time="0.388" /><testcase classname="tests.backend_test.TestJobs" name="test_update_job_removes_phone" time="0.145" /><testcase classname="tests.backend_test.TestSettings" name="test_get_settings_public" time="0.048" /><testcase classname="tests.backend_test.TestHealth" name="test_root_api" time="0.047" /></testsuite></testsuites>